[INFO] Scanning for projects...
[INFO] 
[INFO] ---------------------------< com:gymsystem >----------------------------
[INFO] Building backend 0.0.1-SNAPSHOT
[INFO]   from pom.xml
[INFO] --------------------------------[ jar ]---------------------------------
[INFO] 
[INFO] --- clean:3.5.0:clean (default-clean) @ gymsystem ---
[INFO] Deleting /Users/vishnu/Desktop/gymsystem/backend/target
[INFO] 
[INFO] --- resources:3.3.1:resources (default-resources) @ gymsystem ---
[INFO] Copying 1 resource from src/main/resources to target/classes
[INFO] Copying 2 resources from src/main/resources to target/classes
[INFO] 
[INFO] --- compiler:3.14.1:compile (default-compile) @ gymsystem ---
[INFO] Recompiling the module because of changed source code.
[INFO] Compiling 88 source files with javac [debug parameters release 17] to target/classes
[INFO] /Users/vishnu/Desktop/gymsystem/backend/src/main/java/com/gymsystem/service/GeminiService.java: /Users/vishnu/Desktop/gymsystem/backend/src/main/java/com/gymsystem/service/GeminiService.java uses unchecked or unsafe operations.
[INFO] /Users/vishnu/Desktop/gymsystem/backend/src/main/java/com/gymsystem/service/GeminiService.java: Recompile with -Xlint:unchecked for details.
[INFO] 
[INFO] >>> spring-boot:4.0.3:run (default-cli) > test-compile @ gymsystem >>>
[INFO] 
[INFO] --- resources:3.3.1:resources (default-resources) @ gymsystem ---
[INFO] Copying 1 resource from src/main/resources to target/classes
[INFO] Copying 2 resources from src/main/resources to target/classes
[INFO] 
[INFO] --- compiler:3.14.1:compile (default-compile) @ gymsystem ---
[INFO] Nothing to compile - all classes are up to date.
[INFO] 
[INFO] --- resources:3.3.1:testResources (default-testResources) @ gymsystem ---
[INFO] skip non existing resourceDirectory /Users/vishnu/Desktop/gymsystem/backend/src/test/resources
[INFO] 
[INFO] --- compiler:3.14.1:testCompile (default-testCompile) @ gymsystem ---
[INFO] Recompiling the module because of changed dependency.
[INFO] Compiling 1 source file with javac [debug parameters release 17] to target/test-classes
[INFO] 
[INFO] <<< spring-boot:4.0.3:run (default-cli) < test-compile @ gymsystem <<<
[INFO] 
[INFO] 
[INFO] --- spring-boot:4.0.3:run (default-cli) @ gymsystem ---
[INFO] Attaching agents: []

  .   ____          _            __ _ _
 /\\ / ___'_ __ _ _(_)_ __  __ _ \ \ \ \
( ( )\___ | '_ | '_| | '_ \/ _` | \ \ \ \
 \\/  ___)| |_)| | | | | || (_| |  ) ) ) )
  '  |____| .__|_| |_|_| |_\__, | / / / /
 =========|_|==============|___/=/_/_/_/

 :: Spring Boot ::                (v4.0.3)

2026-03-17T11:17:42.937+05:30  INFO 29405 --- [           main] com.gymsystem.BackendApplication         : Starting BackendApplication using Java 24.0.1 with PID 29405 (/Users/vishnu/Desktop/gymsystem/backend/target/classes started by vishnu in /Users/vishnu/Desktop/gymsystem/backend)
2026-03-17T11:17:42.938+05:30  INFO 29405 --- [           main] com.gymsystem.BackendApplication         : No active profile set, falling back to 1 default profile: "default"
2026-03-17T11:17:43.320+05:30  INFO 29405 --- [           main] .s.d.r.c.RepositoryConfigurationDelegate : Bootstrapping Spring Data JPA repositories in DEFAULT mode.
2026-03-17T11:17:43.382+05:30  INFO 29405 --- [           main] .s.d.r.c.RepositoryConfigurationDelegate : Finished Spring Data repository scanning in 56 ms. Found 14 JPA repository interfaces.
2026-03-17T11:17:43.706+05:30  INFO 29405 --- [           main] o.s.boot.tomcat.TomcatWebServer          : Tomcat initialized with port 8080 (http)
2026-03-17T11:17:43.714+05:30  INFO 29405 --- [           main] o.apache.catalina.core.StandardService   : Starting service [Tomcat]
2026-03-17T11:17:43.714+05:30  INFO 29405 --- [           main] o.apache.catalina.core.StandardEngine    : Starting Servlet engine: [Apache Tomcat/11.0.18]
2026-03-17T11:17:43.756+05:30  INFO 29405 --- [           main] b.w.c.s.WebApplicationContextInitializer : Root WebApplicationContext: initialization completed in 794 ms
2026-03-17T11:17:43.894+05:30  INFO 29405 --- [           main] org.hibernate.orm.jpa                    : HHH008540: Processing PersistenceUnitInfo [name: default]
2026-03-17T11:17:43.929+05:30  INFO 29405 --- [           main] org.hibernate.orm.core                   : HHH000001: Hibernate ORM core version 7.2.4.Final
2026-03-17T11:17:44.133+05:30  INFO 29405 --- [           main] o.s.o.j.p.SpringPersistenceUnitInfo      : No LoadTimeWeaver setup: ignoring JPA class transformer
2026-03-17T11:17:44.148+05:30  INFO 29405 --- [           main] com.zaxxer.hikari.HikariDataSource       : HikariPool-1 - Starting...
2026-03-17T11:17:44.228+05:30  INFO 29405 --- [           main] com.zaxxer.hikari.pool.HikariPool        : HikariPool-1 - Added connection org.postgresql.jdbc.PgConnection@3ba96967
2026-03-17T11:17:44.228+05:30  INFO 29405 --- [           main] com.zaxxer.hikari.HikariDataSource       : HikariPool-1 - Start completed.
2026-03-17T11:17:44.264+05:30  INFO 29405 --- [           main] org.hibernate.orm.connections.pooling    : HHH10001005: Database info:
	Database JDBC URL [jdbc:postgresql://localhost:5432/gymsystem]
	Database driver: PostgreSQL JDBC Driver
	Database dialect: PostgreSQLDialect
	Database version: 15.13
	Default catalog/schema: gymsystem/public
	Autocommit mode: undefined/unknown
	Isolation level: READ_COMMITTED [default READ_COMMITTED]
	JDBC fetch size: none
	Pool: DataSourceConnectionProvider
	Minimum pool size: undefined/unknown
	Maximum pool size: undefined/unknown
2026-03-17T11:17:44.975+05:30  INFO 29405 --- [           main] org.hibernate.orm.core                   : HHH000489: No JTA platform available (set 'hibernate.transaction.jta.platform' to enable JTA platform integration)
Hibernate: alter table if exists users add column profile_photo_url varchar(255)
2026-03-17T11:17:45.031+05:30  INFO 29405 --- [           main] j.LocalContainerEntityManagerFactoryBean : Initialized JPA EntityManagerFactory for persistence unit 'default'
2026-03-17T11:17:45.088+05:30  INFO 29405 --- [           main] o.s.d.j.r.query.QueryEnhancerFactories   : Hibernate is in classpath; If applicable, HQL parser will be used.
Firebase Application has been initialized
2026-03-17T11:17:45.992+05:30  WARN 29405 --- [           main] JpaBaseConfiguration$JpaWebConfiguration : spring.jpa.open-in-view is enabled by default. Therefore, database queries may be performed during view rendering. Explicitly configure spring.jpa.open-in-view to disable this warning
2026-03-17T11:17:46.468+05:30  INFO 29405 --- [           main] o.s.boot.tomcat.TomcatWebServer          : Tomcat started on port 8080 (http) with context path '/'
2026-03-17T11:17:46.473+05:30  INFO 29405 --- [           main] com.gymsystem.BackendApplication         : Started BackendApplication in 3.731 seconds (process running for 3.935)
Hibernate: select s1_0.id,s1_0.coach_id,s1_0.created_at,s1_0.end_time,s1_0.gym_id,s1_0.machine_id,s1_0.notes,s1_0.session_date,s1_0.session_type,s1_0.start_time,s1_0.status,s1_0.trainee_id,s1_0.updated_at from sessions s1_0 where s1_0.session_date=? and s1_0.status=?
Hibernate: select s1_0.id,s1_0.coach_id,s1_0.created_at,s1_0.end_time,s1_0.gym_id,s1_0.machine_id,s1_0.notes,s1_0.session_date,s1_0.session_type,s1_0.start_time,s1_0.status,s1_0.trainee_id,s1_0.updated_at from sessions s1_0 where s1_0.session_date=? and s1_0.status=?
2026-03-17T11:19:10.092+05:30  INFO 29405 --- [nio-8080-exec-1] o.a.c.c.C.[Tomcat].[localhost].[/]       : Initializing Spring DispatcherServlet 'dispatcherServlet'
2026-03-17T11:19:10.092+05:30  INFO 29405 --- [nio-8080-exec-1] o.s.web.servlet.DispatcherServlet        : Initializing Servlet 'dispatcherServlet'
2026-03-17T11:19:10.095+05:30  INFO 29405 --- [nio-8080-exec-1] o.s.web.servlet.DispatcherServlet        : Completed initialization in 3 ms
Hibernate: select count(u1_0.id) from users u1_0 left join roles r1_0 on r1_0.id=u1_0.role_id where r1_0.name=?
Hibernate: select count(u1_0.id) from users u1_0 left join roles r1_0 on r1_0.id=u1_0.role_id where r1_0.name=?
Hibernate: select count(tm1_0.id) from trainee_memberships tm1_0 where tm1_0.status=?
Hibernate: select p1_0.id,p1_0.amount,p1_0.created_at,p1_0.payment_date,p1_0.payment_method,p1_0.payment_status,p1_0.trainee_membership_id,p1_0.transaction_reference from payments p1_0 where p1_0.payment_date between ? and ?
Hibernate: select tm1_0.id,tm1_0.created_at,tm1_0.end_date,tm1_0.membership_plan_id,mp1_0.id,mp1_0.created_at,mp1_0.description,mp1_0.duration_days,mp1_0.gym_id,g1_0.id,g1_0.address,g1_0.created_at,g1_0.name,g1_0.phone,mp1_0.name,mp1_0.price,mp1_0.updated_at,tm1_0.start_date,tm1_0.status,tm1_0.trainee_id,t1_0.id,t1_0.created_at,t1_0.email,t1_0.fcm_token,g2_0.id,g2_0.address,g2_0.created_at,g2_0.name,g2_0.phone,t1_0.name,t1_0.password_hash,t1_0.profile_photo_url,r1_0.id,r1_0.name,p1_0.role_id,p1_1.id,p1_1.description,p1_1.name,tm1_0.updated_at from trainee_memberships tm1_0 join membership_plans mp1_0 on mp1_0.id=tm1_0.membership_plan_id join gyms g1_0 on g1_0.id=mp1_0.gym_id join users t1_0 on t1_0.id=tm1_0.trainee_id left join gyms g2_0 on g2_0.id=t1_0.gym_id left join roles r1_0 on r1_0.id=t1_0.role_id left join role_permissions p1_0 on r1_0.id=p1_0.role_id left join permissions p1_1 on p1_1.id=p1_0.permission_id where tm1_0.id=?
Hibernate: select tm1_0.id,tm1_0.created_at,tm1_0.end_date,tm1_0.membership_plan_id,mp1_0.id,mp1_0.created_at,mp1_0.description,mp1_0.duration_days,mp1_0.gym_id,g1_0.id,g1_0.address,g1_0.created_at,g1_0.name,g1_0.phone,mp1_0.name,mp1_0.price,mp1_0.updated_at,tm1_0.start_date,tm1_0.status,tm1_0.trainee_id,t1_0.id,t1_0.created_at,t1_0.email,t1_0.fcm_token,g2_0.id,g2_0.address,g2_0.created_at,g2_0.name,g2_0.phone,t1_0.name,t1_0.password_hash,t1_0.profile_photo_url,r1_0.id,r1_0.name,p1_0.role_id,p1_1.id,p1_1.description,p1_1.name,tm1_0.updated_at from trainee_memberships tm1_0 join membership_plans mp1_0 on mp1_0.id=tm1_0.membership_plan_id join gyms g1_0 on g1_0.id=mp1_0.gym_id join users t1_0 on t1_0.id=tm1_0.trainee_id left join gyms g2_0 on g2_0.id=t1_0.gym_id left join roles r1_0 on r1_0.id=t1_0.role_id left join role_permissions p1_0 on r1_0.id=p1_0.role_id left join permissions p1_1 on p1_1.id=p1_0.permission_id where tm1_0.id=?
Hibernate: select s1_0.id,s1_0.coach_id,s1_0.created_at,s1_0.end_time,s1_0.gym_id,s1_0.machine_id,s1_0.notes,s1_0.session_date,s1_0.session_type,s1_0.start_time,s1_0.status,s1_0.trainee_id,s1_0.updated_at from sessions s1_0 where s1_0.session_date=?
Hibernate: select u1_0.id,u1_0.created_at,u1_0.email,u1_0.fcm_token,g1_0.id,g1_0.address,g1_0.created_at,g1_0.name,g1_0.phone,u1_0.name,u1_0.password_hash,u1_0.profile_photo_url,r1_0.id,r1_0.name,p1_0.role_id,p1_1.id,p1_1.description,p1_1.name from users u1_0 left join gyms g1_0 on g1_0.id=u1_0.gym_id left join roles r1_0 on r1_0.id=u1_0.role_id left join role_permissions p1_0 on r1_0.id=p1_0.role_id left join permissions p1_1 on p1_1.id=p1_0.permission_id where u1_0.id=?
Hibernate: select u1_0.id,u1_0.created_at,u1_0.email,u1_0.fcm_token,g1_0.id,g1_0.address,g1_0.created_at,g1_0.name,g1_0.phone,u1_0.name,u1_0.password_hash,u1_0.profile_photo_url,r1_0.id,r1_0.name,p1_0.role_id,p1_1.id,p1_1.description,p1_1.name from users u1_0 left join gyms g1_0 on g1_0.id=u1_0.gym_id left join roles r1_0 on r1_0.id=u1_0.role_id left join role_permissions p1_0 on r1_0.id=p1_0.role_id left join permissions p1_1 on p1_1.id=p1_0.permission_id where u1_0.id=?
Hibernate: select s1_0.id,s1_0.coach_id,s1_0.created_at,s1_0.end_time,s1_0.gym_id,s1_0.machine_id,s1_0.notes,s1_0.session_date,s1_0.session_type,s1_0.start_time,s1_0.status,s1_0.trainee_id,s1_0.updated_at from sessions s1_0 where s1_0.session_date=? and s1_0.status=?
Hibernate: select s1_0.id,s1_0.coach_id,s1_0.created_at,s1_0.end_time,s1_0.gym_id,s1_0.machine_id,s1_0.notes,s1_0.session_date,s1_0.session_type,s1_0.start_time,s1_0.status,s1_0.trainee_id,s1_0.updated_at from sessions s1_0 where s1_0.session_date=? and s1_0.status=?
Hibernate: select s1_0.id,s1_0.coach_id,s1_0.created_at,s1_0.end_time,s1_0.gym_id,s1_0.machine_id,s1_0.notes,s1_0.session_date,s1_0.session_type,s1_0.start_time,s1_0.status,s1_0.trainee_id,s1_0.updated_at from sessions s1_0 where s1_0.session_date=? and s1_0.status=?
Hibernate: select s1_0.id,s1_0.coach_id,s1_0.created_at,s1_0.end_time,s1_0.gym_id,s1_0.machine_id,s1_0.notes,s1_0.session_date,s1_0.session_type,s1_0.start_time,s1_0.status,s1_0.trainee_id,s1_0.updated_at from sessions s1_0 where s1_0.session_date=? and s1_0.status=?
Hibernate: select count(u1_0.id) from users u1_0 left join roles r1_0 on r1_0.id=u1_0.role_id where r1_0.name=?
Hibernate: select count(u1_0.id) from users u1_0 left join roles r1_0 on r1_0.id=u1_0.role_id where r1_0.name=?
Hibernate: select count(tm1_0.id) from trainee_memberships tm1_0 where tm1_0.status=?
Hibernate: select p1_0.id,p1_0.amount,p1_0.created_at,p1_0.payment_date,p1_0.payment_method,p1_0.payment_status,p1_0.trainee_membership_id,p1_0.transaction_reference from payments p1_0 where p1_0.payment_date between ? and ?
Hibernate: select tm1_0.id,tm1_0.created_at,tm1_0.end_date,tm1_0.membership_plan_id,mp1_0.id,mp1_0.created_at,mp1_0.description,mp1_0.duration_days,mp1_0.gym_id,g1_0.id,g1_0.address,g1_0.created_at,g1_0.name,g1_0.phone,mp1_0.name,mp1_0.price,mp1_0.updated_at,tm1_0.start_date,tm1_0.status,tm1_0.trainee_id,t1_0.id,t1_0.created_at,t1_0.email,t1_0.fcm_token,g2_0.id,g2_0.address,g2_0.created_at,g2_0.name,g2_0.phone,t1_0.name,t1_0.password_hash,t1_0.profile_photo_url,r1_0.id,r1_0.name,p1_0.role_id,p1_1.id,p1_1.description,p1_1.name,tm1_0.updated_at from trainee_memberships tm1_0 join membership_plans mp1_0 on mp1_0.id=tm1_0.membership_plan_id join gyms g1_0 on g1_0.id=mp1_0.gym_id join users t1_0 on t1_0.id=tm1_0.trainee_id left join gyms g2_0 on g2_0.id=t1_0.gym_id left join roles r1_0 on r1_0.id=t1_0.role_id left join role_permissions p1_0 on r1_0.id=p1_0.role_id left join permissions p1_1 on p1_1.id=p1_0.permission_id where tm1_0.id=?
Hibernate: select tm1_0.id,tm1_0.created_at,tm1_0.end_date,tm1_0.membership_plan_id,mp1_0.id,mp1_0.created_at,mp1_0.description,mp1_0.duration_days,mp1_0.gym_id,g1_0.id,g1_0.address,g1_0.created_at,g1_0.name,g1_0.phone,mp1_0.name,mp1_0.price,mp1_0.updated_at,tm1_0.start_date,tm1_0.status,tm1_0.trainee_id,t1_0.id,t1_0.created_at,t1_0.email,t1_0.fcm_token,g2_0.id,g2_0.address,g2_0.created_at,g2_0.name,g2_0.phone,t1_0.name,t1_0.password_hash,t1_0.profile_photo_url,r1_0.id,r1_0.name,p1_0.role_id,p1_1.id,p1_1.description,p1_1.name,tm1_0.updated_at from trainee_memberships tm1_0 join membership_plans mp1_0 on mp1_0.id=tm1_0.membership_plan_id join gyms g1_0 on g1_0.id=mp1_0.gym_id join users t1_0 on t1_0.id=tm1_0.trainee_id left join gyms g2_0 on g2_0.id=t1_0.gym_id left join roles r1_0 on r1_0.id=t1_0.role_id left join role_permissions p1_0 on r1_0.id=p1_0.role_id left join permissions p1_1 on p1_1.id=p1_0.permission_id where tm1_0.id=?
Hibernate: select s1_0.id,s1_0.coach_id,s1_0.created_at,s1_0.end_time,s1_0.gym_id,s1_0.machine_id,s1_0.notes,s1_0.session_date,s1_0.session_type,s1_0.start_time,s1_0.status,s1_0.trainee_id,s1_0.updated_at from sessions s1_0 where s1_0.session_date=?
Hibernate: select u1_0.id,u1_0.created_at,u1_0.email,u1_0.fcm_token,g1_0.id,g1_0.address,g1_0.created_at,g1_0.name,g1_0.phone,u1_0.name,u1_0.password_hash,u1_0.profile_photo_url,r1_0.id,r1_0.name,p1_0.role_id,p1_1.id,p1_1.description,p1_1.name from users u1_0 left join gyms g1_0 on g1_0.id=u1_0.gym_id left join roles r1_0 on r1_0.id=u1_0.role_id left join role_permissions p1_0 on r1_0.id=p1_0.role_id left join permissions p1_1 on p1_1.id=p1_0.permission_id where u1_0.id=?
Hibernate: select u1_0.id,u1_0.created_at,u1_0.email,u1_0.fcm_token,g1_0.id,g1_0.address,g1_0.created_at,g1_0.name,g1_0.phone,u1_0.name,u1_0.password_hash,u1_0.profile_photo_url,r1_0.id,r1_0.name,p1_0.role_id,p1_1.id,p1_1.description,p1_1.name from users u1_0 left join gyms g1_0 on g1_0.id=u1_0.gym_id left join roles r1_0 on r1_0.id=u1_0.role_id left join role_permissions p1_0 on r1_0.id=p1_0.role_id left join permissions p1_1 on p1_1.id=p1_0.permission_id where u1_0.id=?
Hibernate: select tp1_0.id,tp1_0.fitness_goal,tp1_0.height,tp1_0.joined_date,tp1_0.profile_photo_url,tp1_0.user_id,tp1_0.weight from trainee_profiles tp1_0 left join users u1_0 on u1_0.id=tp1_0.user_id left join gyms g1_0 on g1_0.id=u1_0.gym_id where g1_0.id=?
Hibernate: select u1_0.id,u1_0.created_at,u1_0.email,u1_0.fcm_token,g1_0.id,g1_0.address,g1_0.created_at,g1_0.name,g1_0.phone,u1_0.name,u1_0.password_hash,u1_0.profile_photo_url,r1_0.id,r1_0.name,p1_0.role_id,p1_1.id,p1_1.description,p1_1.name from users u1_0 left join gyms g1_0 on g1_0.id=u1_0.gym_id left join roles r1_0 on r1_0.id=u1_0.role_id left join role_permissions p1_0 on r1_0.id=p1_0.role_id left join permissions p1_1 on p1_1.id=p1_0.permission_id where u1_0.id=?
Hibernate: select u1_0.id,u1_0.created_at,u1_0.email,u1_0.fcm_token,g1_0.id,g1_0.address,g1_0.created_at,g1_0.name,g1_0.phone,u1_0.name,u1_0.password_hash,u1_0.profile_photo_url,r1_0.id,r1_0.name,p1_0.role_id,p1_1.id,p1_1.description,p1_1.name from users u1_0 left join gyms g1_0 on g1_0.id=u1_0.gym_id left join roles r1_0 on r1_0.id=u1_0.role_id left join role_permissions p1_0 on r1_0.id=p1_0.role_id left join permissions p1_1 on p1_1.id=p1_0.permission_id where u1_0.id=?
Hibernate: select u1_0.id,u1_0.created_at,u1_0.email,u1_0.fcm_token,g1_0.id,g1_0.address,g1_0.created_at,g1_0.name,g1_0.phone,u1_0.name,u1_0.password_hash,u1_0.profile_photo_url,r1_0.id,r1_0.name,p1_0.role_id,p1_1.id,p1_1.description,p1_1.name from users u1_0 left join gyms g1_0 on g1_0.id=u1_0.gym_id left join roles r1_0 on r1_0.id=u1_0.role_id left join role_permissions p1_0 on r1_0.id=p1_0.role_id left join permissions p1_1 on p1_1.id=p1_0.permission_id where u1_0.id=?
Hibernate: select s1_0.id,s1_0.coach_id,s1_0.created_at,s1_0.end_time,s1_0.gym_id,s1_0.machine_id,s1_0.notes,s1_0.session_date,s1_0.session_type,s1_0.start_time,s1_0.status,s1_0.trainee_id,s1_0.updated_at from sessions s1_0 where s1_0.session_date=? and s1_0.status=?
Hibernate: select s1_0.id,s1_0.coach_id,s1_0.created_at,s1_0.end_time,s1_0.gym_id,s1_0.machine_id,s1_0.notes,s1_0.session_date,s1_0.session_type,s1_0.start_time,s1_0.status,s1_0.trainee_id,s1_0.updated_at from sessions s1_0 where s1_0.session_date=? and s1_0.status=?
Hibernate: select s1_0.id,s1_0.coach_id,s1_0.created_at,s1_0.end_time,s1_0.gym_id,s1_0.machine_id,s1_0.notes,s1_0.session_date,s1_0.session_type,s1_0.start_time,s1_0.status,s1_0.trainee_id,s1_0.updated_at from sessions s1_0 where s1_0.session_date=? and s1_0.status=?
Hibernate: select count(u1_0.id) from users u1_0 left join roles r1_0 on r1_0.id=u1_0.role_id where r1_0.name=?
Hibernate: select count(u1_0.id) from users u1_0 left join roles r1_0 on r1_0.id=u1_0.role_id where r1_0.name=?
Hibernate: select count(tm1_0.id) from trainee_memberships tm1_0 where tm1_0.status=?
Hibernate: select p1_0.id,p1_0.amount,p1_0.created_at,p1_0.payment_date,p1_0.payment_method,p1_0.payment_status,p1_0.trainee_membership_id,p1_0.transaction_reference from payments p1_0 where p1_0.payment_date between ? and ?
Hibernate: select tm1_0.id,tm1_0.created_at,tm1_0.end_date,tm1_0.membership_plan_id,mp1_0.id,mp1_0.created_at,mp1_0.description,mp1_0.duration_days,mp1_0.gym_id,g1_0.id,g1_0.address,g1_0.created_at,g1_0.name,g1_0.phone,mp1_0.name,mp1_0.price,mp1_0.updated_at,tm1_0.start_date,tm1_0.status,tm1_0.trainee_id,t1_0.id,t1_0.created_at,t1_0.email,t1_0.fcm_token,g2_0.id,g2_0.address,g2_0.created_at,g2_0.name,g2_0.phone,t1_0.name,t1_0.password_hash,t1_0.profile_photo_url,r1_0.id,r1_0.name,p1_0.role_id,p1_1.id,p1_1.description,p1_1.name,tm1_0.updated_at from trainee_memberships tm1_0 join membership_plans mp1_0 on mp1_0.id=tm1_0.membership_plan_id join gyms g1_0 on g1_0.id=mp1_0.gym_id join users t1_0 on t1_0.id=tm1_0.trainee_id left join gyms g2_0 on g2_0.id=t1_0.gym_id left join roles r1_0 on r1_0.id=t1_0.role_id left join role_permissions p1_0 on r1_0.id=p1_0.role_id left join permissions p1_1 on p1_1.id=p1_0.permission_id where tm1_0.id=?
Hibernate: select tm1_0.id,tm1_0.created_at,tm1_0.end_date,tm1_0.membership_plan_id,mp1_0.id,mp1_0.created_at,mp1_0.description,mp1_0.duration_days,mp1_0.gym_id,g1_0.id,g1_0.address,g1_0.created_at,g1_0.name,g1_0.phone,mp1_0.name,mp1_0.price,mp1_0.updated_at,tm1_0.start_date,tm1_0.status,tm1_0.trainee_id,t1_0.id,t1_0.created_at,t1_0.email,t1_0.fcm_token,g2_0.id,g2_0.address,g2_0.created_at,g2_0.name,g2_0.phone,t1_0.name,t1_0.password_hash,t1_0.profile_photo_url,r1_0.id,r1_0.name,p1_0.role_id,p1_1.id,p1_1.description,p1_1.name,tm1_0.updated_at from trainee_memberships tm1_0 join membership_plans mp1_0 on mp1_0.id=tm1_0.membership_plan_id join gyms g1_0 on g1_0.id=mp1_0.gym_id join users t1_0 on t1_0.id=tm1_0.trainee_id left join gyms g2_0 on g2_0.id=t1_0.gym_id left join roles r1_0 on r1_0.id=t1_0.role_id left join role_permissions p1_0 on r1_0.id=p1_0.role_id left join permissions p1_1 on p1_1.id=p1_0.permission_id where tm1_0.id=?
Hibernate: select s1_0.id,s1_0.coach_id,s1_0.created_at,s1_0.end_time,s1_0.gym_id,s1_0.machine_id,s1_0.notes,s1_0.session_date,s1_0.session_type,s1_0.start_time,s1_0.status,s1_0.trainee_id,s1_0.updated_at from sessions s1_0 where s1_0.session_date=?
Hibernate: select u1_0.id,u1_0.created_at,u1_0.email,u1_0.fcm_token,g1_0.id,g1_0.address,g1_0.created_at,g1_0.name,g1_0.phone,u1_0.name,u1_0.password_hash,u1_0.profile_photo_url,r1_0.id,r1_0.name,p1_0.role_id,p1_1.id,p1_1.description,p1_1.name from users u1_0 left join gyms g1_0 on g1_0.id=u1_0.gym_id left join roles r1_0 on r1_0.id=u1_0.role_id left join role_permissions p1_0 on r1_0.id=p1_0.role_id left join permissions p1_1 on p1_1.id=p1_0.permission_id where u1_0.id=?
Hibernate: select u1_0.id,u1_0.created_at,u1_0.email,u1_0.fcm_token,g1_0.id,g1_0.address,g1_0.created_at,g1_0.name,g1_0.phone,u1_0.name,u1_0.password_hash,u1_0.profile_photo_url,r1_0.id,r1_0.name,p1_0.role_id,p1_1.id,p1_1.description,p1_1.name from users u1_0 left join gyms g1_0 on g1_0.id=u1_0.gym_id left join roles r1_0 on r1_0.id=u1_0.role_id left join role_permissions p1_0 on r1_0.id=p1_0.role_id left join permissions p1_1 on p1_1.id=p1_0.permission_id where u1_0.id=?
Hibernate: select s1_0.id,s1_0.coach_id,s1_0.created_at,s1_0.end_time,s1_0.gym_id,s1_0.machine_id,s1_0.notes,s1_0.session_date,s1_0.session_type,s1_0.start_time,s1_0.status,s1_0.trainee_id,s1_0.updated_at from sessions s1_0 where s1_0.session_date=? and s1_0.status=?
Hibernate: select s1_0.id,s1_0.coach_id,s1_0.created_at,s1_0.end_time,s1_0.gym_id,s1_0.machine_id,s1_0.notes,s1_0.session_date,s1_0.session_type,s1_0.start_time,s1_0.status,s1_0.trainee_id,s1_0.updated_at from sessions s1_0 where s1_0.session_date=? and s1_0.status=?
Hibernate: select s1_0.id,s1_0.coach_id,s1_0.created_at,s1_0.end_time,s1_0.gym_id,s1_0.machine_id,s1_0.notes,s1_0.session_date,s1_0.session_type,s1_0.start_time,s1_0.status,s1_0.trainee_id,s1_0.updated_at from sessions s1_0 where s1_0.session_date=? and s1_0.status=?
Hibernate: select s1_0.id,s1_0.coach_id,s1_0.created_at,s1_0.end_time,s1_0.gym_id,s1_0.machine_id,s1_0.notes,s1_0.session_date,s1_0.session_type,s1_0.start_time,s1_0.status,s1_0.trainee_id,s1_0.updated_at from sessions s1_0 where s1_0.session_date=? and s1_0.status=?
Hibernate: select s1_0.id,s1_0.coach_id,s1_0.created_at,s1_0.end_time,s1_0.gym_id,s1_0.machine_id,s1_0.notes,s1_0.session_date,s1_0.session_type,s1_0.start_time,s1_0.status,s1_0.trainee_id,s1_0.updated_at from sessions s1_0 where s1_0.session_date=? and s1_0.status=?
Hibernate: select count(u1_0.id) from users u1_0 left join roles r1_0 on r1_0.id=u1_0.role_id where r1_0.name=?
Hibernate: select count(u1_0.id) from users u1_0 left join roles r1_0 on r1_0.id=u1_0.role_id where r1_0.name=?
Hibernate: select count(tm1_0.id) from trainee_memberships tm1_0 where tm1_0.status=?
Hibernate: select p1_0.id,p1_0.amount,p1_0.created_at,p1_0.payment_date,p1_0.payment_method,p1_0.payment_status,p1_0.trainee_membership_id,p1_0.transaction_reference from payments p1_0 where p1_0.payment_date between ? and ?
Hibernate: select tm1_0.id,tm1_0.created_at,tm1_0.end_date,tm1_0.membership_plan_id,mp1_0.id,mp1_0.created_at,mp1_0.description,mp1_0.duration_days,mp1_0.gym_id,g1_0.id,g1_0.address,g1_0.created_at,g1_0.name,g1_0.phone,mp1_0.name,mp1_0.price,mp1_0.updated_at,tm1_0.start_date,tm1_0.status,tm1_0.trainee_id,t1_0.id,t1_0.created_at,t1_0.email,t1_0.fcm_token,g2_0.id,g2_0.address,g2_0.created_at,g2_0.name,g2_0.phone,t1_0.name,t1_0.password_hash,t1_0.profile_photo_url,r1_0.id,r1_0.name,p1_0.role_id,p1_1.id,p1_1.description,p1_1.name,tm1_0.updated_at from trainee_memberships tm1_0 join membership_plans mp1_0 on mp1_0.id=tm1_0.membership_plan_id join gyms g1_0 on g1_0.id=mp1_0.gym_id join users t1_0 on t1_0.id=tm1_0.trainee_id left join gyms g2_0 on g2_0.id=t1_0.gym_id left join roles r1_0 on r1_0.id=t1_0.role_id left join role_permissions p1_0 on r1_0.id=p1_0.role_id left join permissions p1_1 on p1_1.id=p1_0.permission_id where tm1_0.id=?
Hibernate: select tm1_0.id,tm1_0.created_at,tm1_0.end_date,tm1_0.membership_plan_id,mp1_0.id,mp1_0.created_at,mp1_0.description,mp1_0.duration_days,mp1_0.gym_id,g1_0.id,g1_0.address,g1_0.created_at,g1_0.name,g1_0.phone,mp1_0.name,mp1_0.price,mp1_0.updated_at,tm1_0.start_date,tm1_0.status,tm1_0.trainee_id,t1_0.id,t1_0.created_at,t1_0.email,t1_0.fcm_token,g2_0.id,g2_0.address,g2_0.created_at,g2_0.name,g2_0.phone,t1_0.name,t1_0.password_hash,t1_0.profile_photo_url,r1_0.id,r1_0.name,p1_0.role_id,p1_1.id,p1_1.description,p1_1.name,tm1_0.updated_at from trainee_memberships tm1_0 join membership_plans mp1_0 on mp1_0.id=tm1_0.membership_plan_id join gyms g1_0 on g1_0.id=mp1_0.gym_id join users t1_0 on t1_0.id=tm1_0.trainee_id left join gyms g2_0 on g2_0.id=t1_0.gym_id left join roles r1_0 on r1_0.id=t1_0.role_id left join role_permissions p1_0 on r1_0.id=p1_0.role_id left join permissions p1_1 on p1_1.id=p1_0.permission_id where tm1_0.id=?
Hibernate: select s1_0.id,s1_0.coach_id,s1_0.created_at,s1_0.end_time,s1_0.gym_id,s1_0.machine_id,s1_0.notes,s1_0.session_date,s1_0.session_type,s1_0.start_time,s1_0.status,s1_0.trainee_id,s1_0.updated_at from sessions s1_0 where s1_0.session_date=?
Hibernate: select u1_0.id,u1_0.created_at,u1_0.email,u1_0.fcm_token,g1_0.id,g1_0.address,g1_0.created_at,g1_0.name,g1_0.phone,u1_0.name,u1_0.password_hash,u1_0.profile_photo_url,r1_0.id,r1_0.name,p1_0.role_id,p1_1.id,p1_1.description,p1_1.name from users u1_0 left join gyms g1_0 on g1_0.id=u1_0.gym_id left join roles r1_0 on r1_0.id=u1_0.role_id left join role_permissions p1_0 on r1_0.id=p1_0.role_id left join permissions p1_1 on p1_1.id=p1_0.permission_id where u1_0.id=?
Hibernate: select u1_0.id,u1_0.created_at,u1_0.email,u1_0.fcm_token,g1_0.id,g1_0.address,g1_0.created_at,g1_0.name,g1_0.phone,u1_0.name,u1_0.password_hash,u1_0.profile_photo_url,r1_0.id,r1_0.name,p1_0.role_id,p1_1.id,p1_1.description,p1_1.name from users u1_0 left join gyms g1_0 on g1_0.id=u1_0.gym_id left join roles r1_0 on r1_0.id=u1_0.role_id left join role_permissions p1_0 on r1_0.id=p1_0.role_id left join permissions p1_1 on p1_1.id=p1_0.permission_id where u1_0.id=?
Hibernate: select s1_0.id,s1_0.coach_id,s1_0.created_at,s1_0.end_time,s1_0.gym_id,s1_0.machine_id,s1_0.notes,s1_0.session_date,s1_0.session_type,s1_0.start_time,s1_0.status,s1_0.trainee_id,s1_0.updated_at from sessions s1_0 where s1_0.session_date=? and s1_0.status=?
[INFO] ------------------------------------------------------------------------
[INFO] BUILD FAILURE
[INFO] ------------------------------------------------------------------------
[INFO] Total time:  14:15 min
[INFO] Finished at: 2026-03-17T11:31:55+05:30
[INFO] ------------------------------------------------------------------------
[ERROR] Failed to execute goal org.springframework.boot:spring-boot-maven-plugin:4.0.3:run (default-cli) on project gymsystem: Process terminated with exit code: 137 -> [Help 1]
[ERROR] 
[ERROR] To see the full stack trace of the errors, re-run Maven with the -e switch.
[ERROR] Re-run Maven using the -X switch to enable full debug logging.
[ERROR] 
[ERROR] For more information about the errors and possible solutions, please read the following articles:
[ERROR] [Help 1] http://cwiki.apache.org/confluence/display/MAVEN/MojoExecutionException
