[INFO] Scanning for projects...
[INFO] 
[INFO] ---------------------------< com:gymsystem >----------------------------
[INFO] Building backend 0.0.1-SNAPSHOT
[INFO]   from pom.xml
[INFO] --------------------------------[ jar ]---------------------------------
[INFO] 
[INFO] >>> spring-boot:4.0.3:run (default-cli) > test-compile @ gymsystem >>>
[INFO] 
[INFO] --- resources:3.3.1:resources (default-resources) @ gymsystem ---
[INFO] Copying 1 resource from src/main/resources to target/classes
[INFO] Copying 1 resource from src/main/resources to target/classes
[INFO] 
[INFO] --- compiler:3.14.1:compile (default-compile) @ gymsystem ---
[INFO] Recompiling the module because of added or removed source files.
[INFO] Compiling 91 source files with javac [debug parameters release 17] to target/classes
[INFO] 
[INFO] --- resources:3.3.1:testResources (default-testResources) @ gymsystem ---
[INFO] skip non existing resourceDirectory /Users/vishnu/Desktop/gymsystem/backend/src/test/resources
[INFO] 
[INFO] --- compiler:3.14.1:testCompile (default-testCompile) @ gymsystem ---
[INFO] Recompiling the module because of changed dependency.
[INFO] Compiling 1 source file with javac [debug parameters release 17] to target/test-classes
[INFO] 
[INFO] <<< spring-boot:4.0.3:run (default-cli) < test-compile @ gymsystem <<<
[INFO] 
[INFO] 
[INFO] --- spring-boot:4.0.3:run (default-cli) @ gymsystem ---
[INFO] Attaching agents: []

  .   ____          _            __ _ _
 /\\ / ___'_ __ _ _(_)_ __  __ _ \ \ \ \
( ( )\___ | '_ | '_| | '_ \/ _` | \ \ \ \
 \\/  ___)| |_)| | | | | || (_| |  ) ) ) )
  '  |____| .__|_| |_|_| |_\__, | / / / /
 =========|_|==============|___/=/_/_/_/

 :: Spring Boot ::                (v4.0.3)

2026-03-16T14:37:35.256+05:30  INFO 49240 --- [           main] com.gymsystem.BackendApplication         : Starting BackendApplication using Java 24.0.1 with PID 49240 (/Users/vishnu/Desktop/gymsystem/backend/target/classes started by vishnu in /Users/vishnu/Desktop/gymsystem/backend)
2026-03-16T14:37:35.257+05:30  INFO 49240 --- [           main] com.gymsystem.BackendApplication         : No active profile set, falling back to 1 default profile: "default"
2026-03-16T14:37:35.610+05:30  INFO 49240 --- [           main] .s.d.r.c.RepositoryConfigurationDelegate : Bootstrapping Spring Data JPA repositories in DEFAULT mode.
2026-03-16T14:37:35.637+05:30  INFO 49240 --- [           main] .s.d.r.c.RepositoryConfigurationDelegate : Finished Spring Data repository scanning in 24 ms. Found 14 JPA repository interfaces.
2026-03-16T14:37:35.946+05:30  INFO 49240 --- [           main] o.s.boot.tomcat.TomcatWebServer          : Tomcat initialized with port 8080 (http)
2026-03-16T14:37:35.960+05:30  INFO 49240 --- [           main] o.apache.catalina.core.StandardService   : Starting service [Tomcat]
2026-03-16T14:37:35.960+05:30  INFO 49240 --- [           main] o.apache.catalina.core.StandardEngine    : Starting Servlet engine: [Apache Tomcat/11.0.18]
2026-03-16T14:37:35.983+05:30  INFO 49240 --- [           main] b.w.c.s.WebApplicationContextInitializer : Root WebApplicationContext: initialization completed in 702 ms
2026-03-16T14:37:36.071+05:30  INFO 49240 --- [           main] org.hibernate.orm.jpa                    : HHH008540: Processing PersistenceUnitInfo [name: default]
2026-03-16T14:37:36.090+05:30  INFO 49240 --- [           main] org.hibernate.orm.core                   : HHH000001: Hibernate ORM core version 7.2.4.Final
2026-03-16T14:37:36.290+05:30  INFO 49240 --- [           main] o.s.o.j.p.SpringPersistenceUnitInfo      : No LoadTimeWeaver setup: ignoring JPA class transformer
2026-03-16T14:37:36.307+05:30  INFO 49240 --- [           main] com.zaxxer.hikari.HikariDataSource       : HikariPool-1 - Starting...
2026-03-16T14:37:36.388+05:30  INFO 49240 --- [           main] com.zaxxer.hikari.pool.HikariPool        : HikariPool-1 - Added connection org.postgresql.jdbc.PgConnection@34f24a11
2026-03-16T14:37:36.389+05:30  INFO 49240 --- [           main] com.zaxxer.hikari.HikariDataSource       : HikariPool-1 - Start completed.
2026-03-16T14:37:36.423+05:30  INFO 49240 --- [           main] org.hibernate.orm.connections.pooling    : HHH10001005: Database info:
	Database JDBC URL [jdbc:postgresql://localhost:5432/gymsystem]
	Database driver: PostgreSQL JDBC Driver
	Database dialect: PostgreSQLDialect
	Database version: 15.13
	Default catalog/schema: gymsystem/public
	Autocommit mode: undefined/unknown
	Isolation level: READ_COMMITTED [default READ_COMMITTED]
	JDBC fetch size: none
	Pool: DataSourceConnectionProvider
	Minimum pool size: undefined/unknown
	Maximum pool size: undefined/unknown
2026-03-16T14:37:36.890+05:30  INFO 49240 --- [           main] org.hibernate.orm.core                   : HHH000489: No JTA platform available (set 'hibernate.transaction.jta.platform' to enable JTA platform integration)
Hibernate: create table machines (id bigint generated by default as identity, created_at timestamp(6) not null, name varchar(255) not null, status varchar(255) not null check ((status in ('AVAILABLE','OCCUPIED','MAINTENANCE','OUT_OF_ORDER'))), type varchar(255) not null, updated_at timestamp(6), gym_id bigint not null, primary key (id))
Hibernate: alter table if exists sessions add column machine_id bigint
Hibernate: alter table if exists machines add constraint FKioj7r4mffagtyme6gildj4flx foreign key (gym_id) references gyms
Hibernate: alter table if exists sessions add constraint FKnuh7vb5wshcufn75ytb3wovdb foreign key (machine_id) references machines
2026-03-16T14:37:36.969+05:30  INFO 49240 --- [           main] j.LocalContainerEntityManagerFactoryBean : Initialized JPA EntityManagerFactory for persistence unit 'default'
2026-03-16T14:37:37.023+05:30  INFO 49240 --- [           main] o.s.d.j.r.query.QueryEnhancerFactories   : Hibernate is in classpath; If applicable, HQL parser will be used.
2026-03-16T14:37:37.598+05:30  WARN 49240 --- [           main] JpaBaseConfiguration$JpaWebConfiguration : spring.jpa.open-in-view is enabled by default. Therefore, database queries may be performed during view rendering. Explicitly configure spring.jpa.open-in-view to disable this warning
2026-03-16T14:37:37.955+05:30  INFO 49240 --- [           main] o.s.boot.tomcat.TomcatWebServer          : Tomcat started on port 8080 (http) with context path '/'
2026-03-16T14:37:37.960+05:30  INFO 49240 --- [           main] com.gymsystem.BackendApplication         : Started BackendApplication in 2.857 seconds (process running for 3.007)
Hibernate: select s1_0.id,s1_0.coach_id,s1_0.created_at,s1_0.end_time,s1_0.gym_id,s1_0.machine_id,s1_0.notes,s1_0.session_date,s1_0.session_type,s1_0.start_time,s1_0.status,s1_0.trainee_id,s1_0.updated_at from sessions s1_0 where s1_0.session_date=? and s1_0.status=?
Hibernate: select s1_0.id,s1_0.coach_id,s1_0.created_at,s1_0.end_time,s1_0.gym_id,s1_0.machine_id,s1_0.notes,s1_0.session_date,s1_0.session_type,s1_0.start_time,s1_0.status,s1_0.trainee_id,s1_0.updated_at from sessions s1_0 where s1_0.session_date=? and s1_0.status=?
2026-03-16T14:39:30.189+05:30  INFO 49240 --- [nio-8080-exec-1] o.a.c.c.C.[Tomcat].[localhost].[/]       : Initializing Spring DispatcherServlet 'dispatcherServlet'
2026-03-16T14:39:30.189+05:30  INFO 49240 --- [nio-8080-exec-1] o.s.web.servlet.DispatcherServlet        : Initializing Servlet 'dispatcherServlet'
2026-03-16T14:39:30.191+05:30  INFO 49240 --- [nio-8080-exec-1] o.s.web.servlet.DispatcherServlet        : Completed initialization in 2 ms
Hibernate: select s1_0.id,s1_0.coach_id,s1_0.created_at,s1_0.end_time,s1_0.gym_id,s1_0.machine_id,s1_0.notes,s1_0.session_date,s1_0.session_type,s1_0.start_time,s1_0.status,s1_0.trainee_id,s1_0.updated_at from sessions s1_0 where s1_0.gym_id=?
Hibernate: select u1_0.id,u1_0.created_at,u1_0.email,g1_0.id,g1_0.address,g1_0.created_at,g1_0.name,g1_0.phone,u1_0.name,u1_0.password_hash,r1_0.id,r1_0.name,p1_0.role_id,p1_1.id,p1_1.description,p1_1.name from users u1_0 left join gyms g1_0 on g1_0.id=u1_0.gym_id left join roles r1_0 on r1_0.id=u1_0.role_id left join role_permissions p1_0 on r1_0.id=p1_0.role_id left join permissions p1_1 on p1_1.id=p1_0.permission_id where u1_0.id=?
Hibernate: select u1_0.id,u1_0.created_at,u1_0.email,g1_0.id,g1_0.address,g1_0.created_at,g1_0.name,g1_0.phone,u1_0.name,u1_0.password_hash,r1_0.id,r1_0.name,p1_0.role_id,p1_1.id,p1_1.description,p1_1.name from users u1_0 left join gyms g1_0 on g1_0.id=u1_0.gym_id left join roles r1_0 on r1_0.id=u1_0.role_id left join role_permissions p1_0 on r1_0.id=p1_0.role_id left join permissions p1_1 on p1_1.id=p1_0.permission_id where u1_0.id=?
Hibernate: select s1_0.id,s1_0.coach_id,s1_0.created_at,s1_0.end_time,s1_0.gym_id,s1_0.machine_id,s1_0.notes,s1_0.session_date,s1_0.session_type,s1_0.start_time,s1_0.status,s1_0.trainee_id,s1_0.updated_at from sessions s1_0 where s1_0.session_date=? and s1_0.status=?
Hibernate: select count(u1_0.id) from users u1_0 left join roles r1_0 on r1_0.id=u1_0.role_id where r1_0.name=?
Hibernate: select count(u1_0.id) from users u1_0 left join roles r1_0 on r1_0.id=u1_0.role_id where r1_0.name=?
Hibernate: select count(tm1_0.id) from trainee_memberships tm1_0 where tm1_0.status=?
Hibernate: select p1_0.id,p1_0.amount,p1_0.created_at,p1_0.payment_date,p1_0.payment_method,p1_0.payment_status,p1_0.trainee_membership_id,p1_0.transaction_reference from payments p1_0 where p1_0.payment_date between ? and ?
Hibernate: select tm1_0.id,tm1_0.created_at,tm1_0.end_date,tm1_0.membership_plan_id,mp1_0.id,mp1_0.created_at,mp1_0.description,mp1_0.duration_days,mp1_0.gym_id,g1_0.id,g1_0.address,g1_0.created_at,g1_0.name,g1_0.phone,mp1_0.name,mp1_0.price,mp1_0.updated_at,tm1_0.start_date,tm1_0.status,tm1_0.trainee_id,t1_0.id,t1_0.created_at,t1_0.email,g2_0.id,g2_0.address,g2_0.created_at,g2_0.name,g2_0.phone,t1_0.name,t1_0.password_hash,r1_0.id,r1_0.name,p1_0.role_id,p1_1.id,p1_1.description,p1_1.name,tm1_0.updated_at from trainee_memberships tm1_0 join membership_plans mp1_0 on mp1_0.id=tm1_0.membership_plan_id join gyms g1_0 on g1_0.id=mp1_0.gym_id join users t1_0 on t1_0.id=tm1_0.trainee_id left join gyms g2_0 on g2_0.id=t1_0.gym_id left join roles r1_0 on r1_0.id=t1_0.role_id left join role_permissions p1_0 on r1_0.id=p1_0.role_id left join permissions p1_1 on p1_1.id=p1_0.permission_id where tm1_0.id=?
Hibernate: select tm1_0.id,tm1_0.created_at,tm1_0.end_date,tm1_0.membership_plan_id,mp1_0.id,mp1_0.created_at,mp1_0.description,mp1_0.duration_days,mp1_0.gym_id,g1_0.id,g1_0.address,g1_0.created_at,g1_0.name,g1_0.phone,mp1_0.name,mp1_0.price,mp1_0.updated_at,tm1_0.start_date,tm1_0.status,tm1_0.trainee_id,t1_0.id,t1_0.created_at,t1_0.email,g2_0.id,g2_0.address,g2_0.created_at,g2_0.name,g2_0.phone,t1_0.name,t1_0.password_hash,r1_0.id,r1_0.name,p1_0.role_id,p1_1.id,p1_1.description,p1_1.name,tm1_0.updated_at from trainee_memberships tm1_0 join membership_plans mp1_0 on mp1_0.id=tm1_0.membership_plan_id join gyms g1_0 on g1_0.id=mp1_0.gym_id join users t1_0 on t1_0.id=tm1_0.trainee_id left join gyms g2_0 on g2_0.id=t1_0.gym_id left join roles r1_0 on r1_0.id=t1_0.role_id left join role_permissions p1_0 on r1_0.id=p1_0.role_id left join permissions p1_1 on p1_1.id=p1_0.permission_id where tm1_0.id=?
Hibernate: select s1_0.id,s1_0.coach_id,s1_0.created_at,s1_0.end_time,s1_0.gym_id,s1_0.machine_id,s1_0.notes,s1_0.session_date,s1_0.session_type,s1_0.start_time,s1_0.status,s1_0.trainee_id,s1_0.updated_at from sessions s1_0 where s1_0.session_date=?
Hibernate: select u1_0.id,u1_0.created_at,u1_0.email,g1_0.id,g1_0.address,g1_0.created_at,g1_0.name,g1_0.phone,u1_0.name,u1_0.password_hash,r1_0.id,r1_0.name,p1_0.role_id,p1_1.id,p1_1.description,p1_1.name from users u1_0 left join gyms g1_0 on g1_0.id=u1_0.gym_id left join roles r1_0 on r1_0.id=u1_0.role_id left join role_permissions p1_0 on r1_0.id=p1_0.role_id left join permissions p1_1 on p1_1.id=p1_0.permission_id where u1_0.id=?
Hibernate: select u1_0.id,u1_0.created_at,u1_0.email,g1_0.id,g1_0.address,g1_0.created_at,g1_0.name,g1_0.phone,u1_0.name,u1_0.password_hash,r1_0.id,r1_0.name,p1_0.role_id,p1_1.id,p1_1.description,p1_1.name from users u1_0 left join gyms g1_0 on g1_0.id=u1_0.gym_id left join roles r1_0 on r1_0.id=u1_0.role_id left join role_permissions p1_0 on r1_0.id=p1_0.role_id left join permissions p1_1 on p1_1.id=p1_0.permission_id where u1_0.id=?
Hibernate: select s1_0.id,s1_0.coach_id,s1_0.created_at,s1_0.end_time,s1_0.gym_id,s1_0.machine_id,s1_0.notes,s1_0.session_date,s1_0.session_type,s1_0.start_time,s1_0.status,s1_0.trainee_id,s1_0.updated_at from sessions s1_0 where s1_0.session_date=? and s1_0.status=?
Hibernate: select s1_0.id,s1_0.coach_id,s1_0.created_at,s1_0.end_time,s1_0.gym_id,s1_0.machine_id,s1_0.notes,s1_0.session_date,s1_0.session_type,s1_0.start_time,s1_0.status,s1_0.trainee_id,s1_0.updated_at from sessions s1_0 where s1_0.session_date=? and s1_0.status=?
Hibernate: select s1_0.id,s1_0.coach_id,s1_0.created_at,s1_0.end_time,s1_0.gym_id,s1_0.machine_id,s1_0.notes,s1_0.session_date,s1_0.session_type,s1_0.start_time,s1_0.status,s1_0.trainee_id,s1_0.updated_at from sessions s1_0 where s1_0.session_date=? and s1_0.status=?
Hibernate: select s1_0.id,s1_0.coach_id,s1_0.created_at,s1_0.end_time,s1_0.gym_id,s1_0.machine_id,s1_0.notes,s1_0.session_date,s1_0.session_type,s1_0.start_time,s1_0.status,s1_0.trainee_id,s1_0.updated_at from sessions s1_0 where s1_0.session_date=? and s1_0.status=?
Hibernate: select s1_0.id,s1_0.coach_id,s1_0.created_at,s1_0.end_time,s1_0.gym_id,s1_0.machine_id,s1_0.notes,s1_0.session_date,s1_0.session_type,s1_0.start_time,s1_0.status,s1_0.trainee_id,s1_0.updated_at from sessions s1_0 where s1_0.session_date=? and s1_0.status=?
Hibernate: select s1_0.id,s1_0.coach_id,s1_0.created_at,s1_0.end_time,s1_0.gym_id,s1_0.machine_id,s1_0.notes,s1_0.session_date,s1_0.session_type,s1_0.start_time,s1_0.status,s1_0.trainee_id,s1_0.updated_at from sessions s1_0 where s1_0.session_date=? and s1_0.status=?
Hibernate: select count(u1_0.id) from users u1_0 left join roles r1_0 on r1_0.id=u1_0.role_id where r1_0.name=?
Hibernate: select count(u1_0.id) from users u1_0 left join roles r1_0 on r1_0.id=u1_0.role_id where r1_0.name=?
Hibernate: select s1_0.id,s1_0.coach_id,s1_0.created_at,s1_0.end_time,s1_0.gym_id,s1_0.machine_id,s1_0.notes,s1_0.session_date,s1_0.session_type,s1_0.start_time,s1_0.status,s1_0.trainee_id,s1_0.updated_at from sessions s1_0 where s1_0.gym_id=?
Hibernate: select s1_0.id,s1_0.coach_id,s1_0.created_at,s1_0.end_time,s1_0.gym_id,s1_0.machine_id,s1_0.notes,s1_0.session_date,s1_0.session_type,s1_0.start_time,s1_0.status,s1_0.trainee_id,s1_0.updated_at from sessions s1_0 where s1_0.gym_id=?
Hibernate: select count(u1_0.id) from users u1_0 left join roles r1_0 on r1_0.id=u1_0.role_id where r1_0.name=?
Hibernate: select count(tm1_0.id) from trainee_memberships tm1_0 where tm1_0.status=?
Hibernate: select p1_0.id,p1_0.amount,p1_0.created_at,p1_0.payment_date,p1_0.payment_method,p1_0.payment_status,p1_0.trainee_membership_id,p1_0.transaction_reference from payments p1_0 where p1_0.payment_date between ? and ?
Hibernate: select u1_0.id,u1_0.created_at,u1_0.email,g1_0.id,g1_0.address,g1_0.created_at,g1_0.name,g1_0.phone,u1_0.name,u1_0.password_hash,r1_0.id,r1_0.name,p1_0.role_id,p1_1.id,p1_1.description,p1_1.name from users u1_0 left join gyms g1_0 on g1_0.id=u1_0.gym_id left join roles r1_0 on r1_0.id=u1_0.role_id left join role_permissions p1_0 on r1_0.id=p1_0.role_id left join permissions p1_1 on p1_1.id=p1_0.permission_id where u1_0.id=?
Hibernate: select u1_0.id,u1_0.created_at,u1_0.email,g1_0.id,g1_0.address,g1_0.created_at,g1_0.name,g1_0.phone,u1_0.name,u1_0.password_hash,r1_0.id,r1_0.name,p1_0.role_id,p1_1.id,p1_1.description,p1_1.name from users u1_0 left join gyms g1_0 on g1_0.id=u1_0.gym_id left join roles r1_0 on r1_0.id=u1_0.role_id left join role_permissions p1_0 on r1_0.id=p1_0.role_id left join permissions p1_1 on p1_1.id=p1_0.permission_id where u1_0.id=?
Hibernate: select tm1_0.id,tm1_0.created_at,tm1_0.end_date,tm1_0.membership_plan_id,mp1_0.id,mp1_0.created_at,mp1_0.description,mp1_0.duration_days,mp1_0.gym_id,g1_0.id,g1_0.address,g1_0.created_at,g1_0.name,g1_0.phone,mp1_0.name,mp1_0.price,mp1_0.updated_at,tm1_0.start_date,tm1_0.status,tm1_0.trainee_id,t1_0.id,t1_0.created_at,t1_0.email,g2_0.id,g2_0.address,g2_0.created_at,g2_0.name,g2_0.phone,t1_0.name,t1_0.password_hash,r1_0.id,r1_0.name,p1_0.role_id,p1_1.id,p1_1.description,p1_1.name,tm1_0.updated_at from trainee_memberships tm1_0 join membership_plans mp1_0 on mp1_0.id=tm1_0.membership_plan_id join gyms g1_0 on g1_0.id=mp1_0.gym_id join users t1_0 on t1_0.id=tm1_0.trainee_id left join gyms g2_0 on g2_0.id=t1_0.gym_id left join roles r1_0 on r1_0.id=t1_0.role_id left join role_permissions p1_0 on r1_0.id=p1_0.role_id left join permissions p1_1 on p1_1.id=p1_0.permission_id where tm1_0.id=?
Hibernate: select count(u1_0.id) from users u1_0 left join roles r1_0 on r1_0.id=u1_0.role_id where r1_0.name=?
Hibernate: select count(tm1_0.id) from trainee_memberships tm1_0 where tm1_0.status=?
Hibernate: select p1_0.id,p1_0.amount,p1_0.created_at,p1_0.payment_date,p1_0.payment_method,p1_0.payment_status,p1_0.trainee_membership_id,p1_0.transaction_reference from payments p1_0 where p1_0.payment_date between ? and ?
Hibernate: select tm1_0.id,tm1_0.created_at,tm1_0.end_date,tm1_0.membership_plan_id,mp1_0.id,mp1_0.created_at,mp1_0.description,mp1_0.duration_days,mp1_0.gym_id,g1_0.id,g1_0.address,g1_0.created_at,g1_0.name,g1_0.phone,mp1_0.name,mp1_0.price,mp1_0.updated_at,tm1_0.start_date,tm1_0.status,tm1_0.trainee_id,t1_0.id,t1_0.created_at,t1_0.email,g2_0.id,g2_0.address,g2_0.created_at,g2_0.name,g2_0.phone,t1_0.name,t1_0.password_hash,r1_0.id,r1_0.name,p1_0.role_id,p1_1.id,p1_1.description,p1_1.name,tm1_0.updated_at from trainee_memberships tm1_0 join membership_plans mp1_0 on mp1_0.id=tm1_0.membership_plan_id join gyms g1_0 on g1_0.id=mp1_0.gym_id join users t1_0 on t1_0.id=tm1_0.trainee_id left join gyms g2_0 on g2_0.id=t1_0.gym_id left join roles r1_0 on r1_0.id=t1_0.role_id left join role_permissions p1_0 on r1_0.id=p1_0.role_id left join permissions p1_1 on p1_1.id=p1_0.permission_id where tm1_0.id=?
Hibernate: select u1_0.id,u1_0.created_at,u1_0.email,g1_0.id,g1_0.address,g1_0.created_at,g1_0.name,g1_0.phone,u1_0.name,u1_0.password_hash,r1_0.id,r1_0.name,p1_0.role_id,p1_1.id,p1_1.description,p1_1.name from users u1_0 left join gyms g1_0 on g1_0.id=u1_0.gym_id left join roles r1_0 on r1_0.id=u1_0.role_id left join role_permissions p1_0 on r1_0.id=p1_0.role_id left join permissions p1_1 on p1_1.id=p1_0.permission_id where u1_0.id=?
Hibernate: select u1_0.id,u1_0.created_at,u1_0.email,g1_0.id,g1_0.address,g1_0.created_at,g1_0.name,g1_0.phone,u1_0.name,u1_0.password_hash,r1_0.id,r1_0.name,p1_0.role_id,p1_1.id,p1_1.description,p1_1.name from users u1_0 left join gyms g1_0 on g1_0.id=u1_0.gym_id left join roles r1_0 on r1_0.id=u1_0.role_id left join role_permissions p1_0 on r1_0.id=p1_0.role_id left join permissions p1_1 on p1_1.id=p1_0.permission_id where u1_0.id=?
Hibernate: select tm1_0.id,tm1_0.created_at,tm1_0.end_date,tm1_0.membership_plan_id,mp1_0.id,mp1_0.created_at,mp1_0.description,mp1_0.duration_days,mp1_0.gym_id,g1_0.id,g1_0.address,g1_0.created_at,g1_0.name,g1_0.phone,mp1_0.name,mp1_0.price,mp1_0.updated_at,tm1_0.start_date,tm1_0.status,tm1_0.trainee_id,t1_0.id,t1_0.created_at,t1_0.email,g2_0.id,g2_0.address,g2_0.created_at,g2_0.name,g2_0.phone,t1_0.name,t1_0.password_hash,r1_0.id,r1_0.name,p1_0.role_id,p1_1.id,p1_1.description,p1_1.name,tm1_0.updated_at from trainee_memberships tm1_0 join membership_plans mp1_0 on mp1_0.id=tm1_0.membership_plan_id join gyms g1_0 on g1_0.id=mp1_0.gym_id join users t1_0 on t1_0.id=tm1_0.trainee_id left join gyms g2_0 on g2_0.id=t1_0.gym_id left join roles r1_0 on r1_0.id=t1_0.role_id left join role_permissions p1_0 on r1_0.id=p1_0.role_id left join permissions p1_1 on p1_1.id=p1_0.permission_id where tm1_0.id=?
Hibernate: select s1_0.id,s1_0.coach_id,s1_0.created_at,s1_0.end_time,s1_0.gym_id,s1_0.machine_id,s1_0.notes,s1_0.session_date,s1_0.session_type,s1_0.start_time,s1_0.status,s1_0.trainee_id,s1_0.updated_at from sessions s1_0 where s1_0.session_date=?
Hibernate: select u1_0.id,u1_0.created_at,u1_0.email,g1_0.id,g1_0.address,g1_0.created_at,g1_0.name,g1_0.phone,u1_0.name,u1_0.password_hash,r1_0.id,r1_0.name,p1_0.role_id,p1_1.id,p1_1.description,p1_1.name from users u1_0 left join gyms g1_0 on g1_0.id=u1_0.gym_id left join roles r1_0 on r1_0.id=u1_0.role_id left join role_permissions p1_0 on r1_0.id=p1_0.role_id left join permissions p1_1 on p1_1.id=p1_0.permission_id where u1_0.id=?
Hibernate: select tm1_0.id,tm1_0.created_at,tm1_0.end_date,tm1_0.membership_plan_id,mp1_0.id,mp1_0.created_at,mp1_0.description,mp1_0.duration_days,mp1_0.gym_id,g1_0.id,g1_0.address,g1_0.created_at,g1_0.name,g1_0.phone,mp1_0.name,mp1_0.price,mp1_0.updated_at,tm1_0.start_date,tm1_0.status,tm1_0.trainee_id,t1_0.id,t1_0.created_at,t1_0.email,g2_0.id,g2_0.address,g2_0.created_at,g2_0.name,g2_0.phone,t1_0.name,t1_0.password_hash,r1_0.id,r1_0.name,p1_0.role_id,p1_1.id,p1_1.description,p1_1.name,tm1_0.updated_at from trainee_memberships tm1_0 join membership_plans mp1_0 on mp1_0.id=tm1_0.membership_plan_id join gyms g1_0 on g1_0.id=mp1_0.gym_id join users t1_0 on t1_0.id=tm1_0.trainee_id left join gyms g2_0 on g2_0.id=t1_0.gym_id left join roles r1_0 on r1_0.id=t1_0.role_id left join role_permissions p1_0 on r1_0.id=p1_0.role_id left join permissions p1_1 on p1_1.id=p1_0.permission_id where tm1_0.id=?
Hibernate: select u1_0.id,u1_0.created_at,u1_0.email,g1_0.id,g1_0.address,g1_0.created_at,g1_0.name,g1_0.phone,u1_0.name,u1_0.password_hash,r1_0.id,r1_0.name,p1_0.role_id,p1_1.id,p1_1.description,p1_1.name from users u1_0 left join gyms g1_0 on g1_0.id=u1_0.gym_id left join roles r1_0 on r1_0.id=u1_0.role_id left join role_permissions p1_0 on r1_0.id=p1_0.role_id left join permissions p1_1 on p1_1.id=p1_0.permission_id where u1_0.id=?
Hibernate: select s1_0.id,s1_0.coach_id,s1_0.created_at,s1_0.end_time,s1_0.gym_id,s1_0.machine_id,s1_0.notes,s1_0.session_date,s1_0.session_type,s1_0.start_time,s1_0.status,s1_0.trainee_id,s1_0.updated_at from sessions s1_0 where s1_0.session_date=?
Hibernate: select u1_0.id,u1_0.created_at,u1_0.email,g1_0.id,g1_0.address,g1_0.created_at,g1_0.name,g1_0.phone,u1_0.name,u1_0.password_hash,r1_0.id,r1_0.name,p1_0.role_id,p1_1.id,p1_1.description,p1_1.name from users u1_0 left join gyms g1_0 on g1_0.id=u1_0.gym_id left join roles r1_0 on r1_0.id=u1_0.role_id left join role_permissions p1_0 on r1_0.id=p1_0.role_id left join permissions p1_1 on p1_1.id=p1_0.permission_id where u1_0.id=?
Hibernate: select u1_0.id,u1_0.created_at,u1_0.email,g1_0.id,g1_0.address,g1_0.created_at,g1_0.name,g1_0.phone,u1_0.name,u1_0.password_hash,r1_0.id,r1_0.name,p1_0.role_id,p1_1.id,p1_1.description,p1_1.name from users u1_0 left join gyms g1_0 on g1_0.id=u1_0.gym_id left join roles r1_0 on r1_0.id=u1_0.role_id left join role_permissions p1_0 on r1_0.id=p1_0.role_id left join permissions p1_1 on p1_1.id=p1_0.permission_id where u1_0.id=?
Hibernate: select count(u1_0.id) from users u1_0 left join roles r1_0 on r1_0.id=u1_0.role_id where r1_0.name=?
Hibernate: select count(u1_0.id) from users u1_0 left join roles r1_0 on r1_0.id=u1_0.role_id where r1_0.name=?
Hibernate: select count(tm1_0.id) from trainee_memberships tm1_0 where tm1_0.status=?
Hibernate: select p1_0.id,p1_0.amount,p1_0.created_at,p1_0.payment_date,p1_0.payment_method,p1_0.payment_status,p1_0.trainee_membership_id,p1_0.transaction_reference from payments p1_0 where p1_0.payment_date between ? and ?
Hibernate: select tm1_0.id,tm1_0.created_at,tm1_0.end_date,tm1_0.membership_plan_id,mp1_0.id,mp1_0.created_at,mp1_0.description,mp1_0.duration_days,mp1_0.gym_id,g1_0.id,g1_0.address,g1_0.created_at,g1_0.name,g1_0.phone,mp1_0.name,mp1_0.price,mp1_0.updated_at,tm1_0.start_date,tm1_0.status,tm1_0.trainee_id,t1_0.id,t1_0.created_at,t1_0.email,g2_0.id,g2_0.address,g2_0.created_at,g2_0.name,g2_0.phone,t1_0.name,t1_0.password_hash,r1_0.id,r1_0.name,p1_0.role_id,p1_1.id,p1_1.description,p1_1.name,tm1_0.updated_at from trainee_memberships tm1_0 join membership_plans mp1_0 on mp1_0.id=tm1_0.membership_plan_id join gyms g1_0 on g1_0.id=mp1_0.gym_id join users t1_0 on t1_0.id=tm1_0.trainee_id left join gyms g2_0 on g2_0.id=t1_0.gym_id left join roles r1_0 on r1_0.id=t1_0.role_id left join role_permissions p1_0 on r1_0.id=p1_0.role_id left join permissions p1_1 on p1_1.id=p1_0.permission_id where tm1_0.id=?
Hibernate: select tm1_0.id,tm1_0.created_at,tm1_0.end_date,tm1_0.membership_plan_id,mp1_0.id,mp1_0.created_at,mp1_0.description,mp1_0.duration_days,mp1_0.gym_id,g1_0.id,g1_0.address,g1_0.created_at,g1_0.name,g1_0.phone,mp1_0.name,mp1_0.price,mp1_0.updated_at,tm1_0.start_date,tm1_0.status,tm1_0.trainee_id,t1_0.id,t1_0.created_at,t1_0.email,g2_0.id,g2_0.address,g2_0.created_at,g2_0.name,g2_0.phone,t1_0.name,t1_0.password_hash,r1_0.id,r1_0.name,p1_0.role_id,p1_1.id,p1_1.description,p1_1.name,tm1_0.updated_at from trainee_memberships tm1_0 join membership_plans mp1_0 on mp1_0.id=tm1_0.membership_plan_id join gyms g1_0 on g1_0.id=mp1_0.gym_id join users t1_0 on t1_0.id=tm1_0.trainee_id left join gyms g2_0 on g2_0.id=t1_0.gym_id left join roles r1_0 on r1_0.id=t1_0.role_id left join role_permissions p1_0 on r1_0.id=p1_0.role_id left join permissions p1_1 on p1_1.id=p1_0.permission_id where tm1_0.id=?
Hibernate: select s1_0.id,s1_0.coach_id,s1_0.created_at,s1_0.end_time,s1_0.gym_id,s1_0.machine_id,s1_0.notes,s1_0.session_date,s1_0.session_type,s1_0.start_time,s1_0.status,s1_0.trainee_id,s1_0.updated_at from sessions s1_0 where s1_0.session_date=?
Hibernate: select u1_0.id,u1_0.created_at,u1_0.email,g1_0.id,g1_0.address,g1_0.created_at,g1_0.name,g1_0.phone,u1_0.name,u1_0.password_hash,r1_0.id,r1_0.name,p1_0.role_id,p1_1.id,p1_1.description,p1_1.name from users u1_0 left join gyms g1_0 on g1_0.id=u1_0.gym_id left join roles r1_0 on r1_0.id=u1_0.role_id left join role_permissions p1_0 on r1_0.id=p1_0.role_id left join permissions p1_1 on p1_1.id=p1_0.permission_id where u1_0.id=?
Hibernate: select u1_0.id,u1_0.created_at,u1_0.email,g1_0.id,g1_0.address,g1_0.created_at,g1_0.name,g1_0.phone,u1_0.name,u1_0.password_hash,r1_0.id,r1_0.name,p1_0.role_id,p1_1.id,p1_1.description,p1_1.name from users u1_0 left join gyms g1_0 on g1_0.id=u1_0.gym_id left join roles r1_0 on r1_0.id=u1_0.role_id left join role_permissions p1_0 on r1_0.id=p1_0.role_id left join permissions p1_1 on p1_1.id=p1_0.permission_id where u1_0.id=?
Hibernate: select count(u1_0.id) from users u1_0 left join roles r1_0 on r1_0.id=u1_0.role_id where r1_0.name=?
Hibernate: select count(u1_0.id) from users u1_0 left join roles r1_0 on r1_0.id=u1_0.role_id where r1_0.name=?
Hibernate: select count(tm1_0.id) from trainee_memberships tm1_0 where tm1_0.status=?
Hibernate: select p1_0.id,p1_0.amount,p1_0.created_at,p1_0.payment_date,p1_0.payment_method,p1_0.payment_status,p1_0.trainee_membership_id,p1_0.transaction_reference from payments p1_0 where p1_0.payment_date between ? and ?
Hibernate: select tm1_0.id,tm1_0.created_at,tm1_0.end_date,tm1_0.membership_plan_id,mp1_0.id,mp1_0.created_at,mp1_0.description,mp1_0.duration_days,mp1_0.gym_id,g1_0.id,g1_0.address,g1_0.created_at,g1_0.name,g1_0.phone,mp1_0.name,mp1_0.price,mp1_0.updated_at,tm1_0.start_date,tm1_0.status,tm1_0.trainee_id,t1_0.id,t1_0.created_at,t1_0.email,g2_0.id,g2_0.address,g2_0.created_at,g2_0.name,g2_0.phone,t1_0.name,t1_0.password_hash,r1_0.id,r1_0.name,p1_0.role_id,p1_1.id,p1_1.description,p1_1.name,tm1_0.updated_at from trainee_memberships tm1_0 join membership_plans mp1_0 on mp1_0.id=tm1_0.membership_plan_id join gyms g1_0 on g1_0.id=mp1_0.gym_id join users t1_0 on t1_0.id=tm1_0.trainee_id left join gyms g2_0 on g2_0.id=t1_0.gym_id left join roles r1_0 on r1_0.id=t1_0.role_id left join role_permissions p1_0 on r1_0.id=p1_0.role_id left join permissions p1_1 on p1_1.id=p1_0.permission_id where tm1_0.id=?
Hibernate: select tm1_0.id,tm1_0.created_at,tm1_0.end_date,tm1_0.membership_plan_id,mp1_0.id,mp1_0.created_at,mp1_0.description,mp1_0.duration_days,mp1_0.gym_id,g1_0.id,g1_0.address,g1_0.created_at,g1_0.name,g1_0.phone,mp1_0.name,mp1_0.price,mp1_0.updated_at,tm1_0.start_date,tm1_0.status,tm1_0.trainee_id,t1_0.id,t1_0.created_at,t1_0.email,g2_0.id,g2_0.address,g2_0.created_at,g2_0.name,g2_0.phone,t1_0.name,t1_0.password_hash,r1_0.id,r1_0.name,p1_0.role_id,p1_1.id,p1_1.description,p1_1.name,tm1_0.updated_at from trainee_memberships tm1_0 join membership_plans mp1_0 on mp1_0.id=tm1_0.membership_plan_id join gyms g1_0 on g1_0.id=mp1_0.gym_id join users t1_0 on t1_0.id=tm1_0.trainee_id left join gyms g2_0 on g2_0.id=t1_0.gym_id left join roles r1_0 on r1_0.id=t1_0.role_id left join role_permissions p1_0 on r1_0.id=p1_0.role_id left join permissions p1_1 on p1_1.id=p1_0.permission_id where tm1_0.id=?
Hibernate: select s1_0.id,s1_0.coach_id,s1_0.created_at,s1_0.end_time,s1_0.gym_id,s1_0.machine_id,s1_0.notes,s1_0.session_date,s1_0.session_type,s1_0.start_time,s1_0.status,s1_0.trainee_id,s1_0.updated_at from sessions s1_0 where s1_0.session_date=?
Hibernate: select u1_0.id,u1_0.created_at,u1_0.email,g1_0.id,g1_0.address,g1_0.created_at,g1_0.name,g1_0.phone,u1_0.name,u1_0.password_hash,r1_0.id,r1_0.name,p1_0.role_id,p1_1.id,p1_1.description,p1_1.name from users u1_0 left join gyms g1_0 on g1_0.id=u1_0.gym_id left join roles r1_0 on r1_0.id=u1_0.role_id left join role_permissions p1_0 on r1_0.id=p1_0.role_id left join permissions p1_1 on p1_1.id=p1_0.permission_id where u1_0.id=?
Hibernate: select u1_0.id,u1_0.created_at,u1_0.email,g1_0.id,g1_0.address,g1_0.created_at,g1_0.name,g1_0.phone,u1_0.name,u1_0.password_hash,r1_0.id,r1_0.name,p1_0.role_id,p1_1.id,p1_1.description,p1_1.name from users u1_0 left join gyms g1_0 on g1_0.id=u1_0.gym_id left join roles r1_0 on r1_0.id=u1_0.role_id left join role_permissions p1_0 on r1_0.id=p1_0.role_id left join permissions p1_1 on p1_1.id=p1_0.permission_id where u1_0.id=?
Hibernate: select count(u1_0.id) from users u1_0 left join roles r1_0 on r1_0.id=u1_0.role_id where r1_0.name=?
Hibernate: select count(u1_0.id) from users u1_0 left join roles r1_0 on r1_0.id=u1_0.role_id where r1_0.name=?
Hibernate: select count(tm1_0.id) from trainee_memberships tm1_0 where tm1_0.status=?
Hibernate: select p1_0.id,p1_0.amount,p1_0.created_at,p1_0.payment_date,p1_0.payment_method,p1_0.payment_status,p1_0.trainee_membership_id,p1_0.transaction_reference from payments p1_0 where p1_0.payment_date between ? and ?
Hibernate: select tm1_0.id,tm1_0.created_at,tm1_0.end_date,tm1_0.membership_plan_id,mp1_0.id,mp1_0.created_at,mp1_0.description,mp1_0.duration_days,mp1_0.gym_id,g1_0.id,g1_0.address,g1_0.created_at,g1_0.name,g1_0.phone,mp1_0.name,mp1_0.price,mp1_0.updated_at,tm1_0.start_date,tm1_0.status,tm1_0.trainee_id,t1_0.id,t1_0.created_at,t1_0.email,g2_0.id,g2_0.address,g2_0.created_at,g2_0.name,g2_0.phone,t1_0.name,t1_0.password_hash,r1_0.id,r1_0.name,p1_0.role_id,p1_1.id,p1_1.description,p1_1.name,tm1_0.updated_at from trainee_memberships tm1_0 join membership_plans mp1_0 on mp1_0.id=tm1_0.membership_plan_id join gyms g1_0 on g1_0.id=mp1_0.gym_id join users t1_0 on t1_0.id=tm1_0.trainee_id left join gyms g2_0 on g2_0.id=t1_0.gym_id left join roles r1_0 on r1_0.id=t1_0.role_id left join role_permissions p1_0 on r1_0.id=p1_0.role_id left join permissions p1_1 on p1_1.id=p1_0.permission_id where tm1_0.id=?
Hibernate: select tm1_0.id,tm1_0.created_at,tm1_0.end_date,tm1_0.membership_plan_id,mp1_0.id,mp1_0.created_at,mp1_0.description,mp1_0.duration_days,mp1_0.gym_id,g1_0.id,g1_0.address,g1_0.created_at,g1_0.name,g1_0.phone,mp1_0.name,mp1_0.price,mp1_0.updated_at,tm1_0.start_date,tm1_0.status,tm1_0.trainee_id,t1_0.id,t1_0.created_at,t1_0.email,g2_0.id,g2_0.address,g2_0.created_at,g2_0.name,g2_0.phone,t1_0.name,t1_0.password_hash,r1_0.id,r1_0.name,p1_0.role_id,p1_1.id,p1_1.description,p1_1.name,tm1_0.updated_at from trainee_memberships tm1_0 join membership_plans mp1_0 on mp1_0.id=tm1_0.membership_plan_id join gyms g1_0 on g1_0.id=mp1_0.gym_id join users t1_0 on t1_0.id=tm1_0.trainee_id left join gyms g2_0 on g2_0.id=t1_0.gym_id left join roles r1_0 on r1_0.id=t1_0.role_id left join role_permissions p1_0 on r1_0.id=p1_0.role_id left join permissions p1_1 on p1_1.id=p1_0.permission_id where tm1_0.id=?
Hibernate: select s1_0.id,s1_0.coach_id,s1_0.created_at,s1_0.end_time,s1_0.gym_id,s1_0.machine_id,s1_0.notes,s1_0.session_date,s1_0.session_type,s1_0.start_time,s1_0.status,s1_0.trainee_id,s1_0.updated_at from sessions s1_0 where s1_0.session_date=?
Hibernate: select u1_0.id,u1_0.created_at,u1_0.email,g1_0.id,g1_0.address,g1_0.created_at,g1_0.name,g1_0.phone,u1_0.name,u1_0.password_hash,r1_0.id,r1_0.name,p1_0.role_id,p1_1.id,p1_1.description,p1_1.name from users u1_0 left join gyms g1_0 on g1_0.id=u1_0.gym_id left join roles r1_0 on r1_0.id=u1_0.role_id left join role_permissions p1_0 on r1_0.id=p1_0.role_id left join permissions p1_1 on p1_1.id=p1_0.permission_id where u1_0.id=?
Hibernate: select u1_0.id,u1_0.created_at,u1_0.email,g1_0.id,g1_0.address,g1_0.created_at,g1_0.name,g1_0.phone,u1_0.name,u1_0.password_hash,r1_0.id,r1_0.name,p1_0.role_id,p1_1.id,p1_1.description,p1_1.name from users u1_0 left join gyms g1_0 on g1_0.id=u1_0.gym_id left join roles r1_0 on r1_0.id=u1_0.role_id left join role_permissions p1_0 on r1_0.id=p1_0.role_id left join permissions p1_1 on p1_1.id=p1_0.permission_id where u1_0.id=?
Hibernate: select s1_0.id,s1_0.coach_id,s1_0.created_at,s1_0.end_time,s1_0.gym_id,s1_0.machine_id,s1_0.notes,s1_0.session_date,s1_0.session_type,s1_0.start_time,s1_0.status,s1_0.trainee_id,s1_0.updated_at from sessions s1_0 where s1_0.session_date=? and s1_0.status=?
Hibernate: select s1_0.id,s1_0.coach_id,s1_0.created_at,s1_0.end_time,s1_0.gym_id,s1_0.machine_id,s1_0.notes,s1_0.session_date,s1_0.session_type,s1_0.start_time,s1_0.status,s1_0.trainee_id,s1_0.updated_at from sessions s1_0 where s1_0.session_date=? and s1_0.status=?
Hibernate: select s1_0.id,s1_0.coach_id,s1_0.created_at,s1_0.end_time,s1_0.gym_id,s1_0.machine_id,s1_0.notes,s1_0.session_date,s1_0.session_type,s1_0.start_time,s1_0.status,s1_0.trainee_id,s1_0.updated_at from sessions s1_0 where s1_0.session_date=? and s1_0.status=?
Hibernate: select count(u1_0.id) from users u1_0 left join roles r1_0 on r1_0.id=u1_0.role_id where r1_0.name=?
Hibernate: select count(u1_0.id) from users u1_0 left join roles r1_0 on r1_0.id=u1_0.role_id where r1_0.name=?
Hibernate: select count(tm1_0.id) from trainee_memberships tm1_0 where tm1_0.status=?
Hibernate: select p1_0.id,p1_0.amount,p1_0.created_at,p1_0.payment_date,p1_0.payment_method,p1_0.payment_status,p1_0.trainee_membership_id,p1_0.transaction_reference from payments p1_0 where p1_0.payment_date between ? and ?
Hibernate: select tm1_0.id,tm1_0.created_at,tm1_0.end_date,tm1_0.membership_plan_id,mp1_0.id,mp1_0.created_at,mp1_0.description,mp1_0.duration_days,mp1_0.gym_id,g1_0.id,g1_0.address,g1_0.created_at,g1_0.name,g1_0.phone,mp1_0.name,mp1_0.price,mp1_0.updated_at,tm1_0.start_date,tm1_0.status,tm1_0.trainee_id,t1_0.id,t1_0.created_at,t1_0.email,g2_0.id,g2_0.address,g2_0.created_at,g2_0.name,g2_0.phone,t1_0.name,t1_0.password_hash,r1_0.id,r1_0.name,p1_0.role_id,p1_1.id,p1_1.description,p1_1.name,tm1_0.updated_at from trainee_memberships tm1_0 join membership_plans mp1_0 on mp1_0.id=tm1_0.membership_plan_id join gyms g1_0 on g1_0.id=mp1_0.gym_id join users t1_0 on t1_0.id=tm1_0.trainee_id left join gyms g2_0 on g2_0.id=t1_0.gym_id left join roles r1_0 on r1_0.id=t1_0.role_id left join role_permissions p1_0 on r1_0.id=p1_0.role_id left join permissions p1_1 on p1_1.id=p1_0.permission_id where tm1_0.id=?
Hibernate: select tm1_0.id,tm1_0.created_at,tm1_0.end_date,tm1_0.membership_plan_id,mp1_0.id,mp1_0.created_at,mp1_0.description,mp1_0.duration_days,mp1_0.gym_id,g1_0.id,g1_0.address,g1_0.created_at,g1_0.name,g1_0.phone,mp1_0.name,mp1_0.price,mp1_0.updated_at,tm1_0.start_date,tm1_0.status,tm1_0.trainee_id,t1_0.id,t1_0.created_at,t1_0.email,g2_0.id,g2_0.address,g2_0.created_at,g2_0.name,g2_0.phone,t1_0.name,t1_0.password_hash,r1_0.id,r1_0.name,p1_0.role_id,p1_1.id,p1_1.description,p1_1.name,tm1_0.updated_at from trainee_memberships tm1_0 join membership_plans mp1_0 on mp1_0.id=tm1_0.membership_plan_id join gyms g1_0 on g1_0.id=mp1_0.gym_id join users t1_0 on t1_0.id=tm1_0.trainee_id left join gyms g2_0 on g2_0.id=t1_0.gym_id left join roles r1_0 on r1_0.id=t1_0.role_id left join role_permissions p1_0 on r1_0.id=p1_0.role_id left join permissions p1_1 on p1_1.id=p1_0.permission_id where tm1_0.id=?
Hibernate: select s1_0.id,s1_0.coach_id,s1_0.created_at,s1_0.end_time,s1_0.gym_id,s1_0.machine_id,s1_0.notes,s1_0.session_date,s1_0.session_type,s1_0.start_time,s1_0.status,s1_0.trainee_id,s1_0.updated_at from sessions s1_0 where s1_0.session_date=?
Hibernate: select u1_0.id,u1_0.created_at,u1_0.email,g1_0.id,g1_0.address,g1_0.created_at,g1_0.name,g1_0.phone,u1_0.name,u1_0.password_hash,r1_0.id,r1_0.name,p1_0.role_id,p1_1.id,p1_1.description,p1_1.name from users u1_0 left join gyms g1_0 on g1_0.id=u1_0.gym_id left join roles r1_0 on r1_0.id=u1_0.role_id left join role_permissions p1_0 on r1_0.id=p1_0.role_id left join permissions p1_1 on p1_1.id=p1_0.permission_id where u1_0.id=?
Hibernate: select u1_0.id,u1_0.created_at,u1_0.email,g1_0.id,g1_0.address,g1_0.created_at,g1_0.name,g1_0.phone,u1_0.name,u1_0.password_hash,r1_0.id,r1_0.name,p1_0.role_id,p1_1.id,p1_1.description,p1_1.name from users u1_0 left join gyms g1_0 on g1_0.id=u1_0.gym_id left join roles r1_0 on r1_0.id=u1_0.role_id left join role_permissions p1_0 on r1_0.id=p1_0.role_id left join permissions p1_1 on p1_1.id=p1_0.permission_id where u1_0.id=?
Hibernate: select s1_0.id,s1_0.coach_id,s1_0.created_at,s1_0.end_time,s1_0.gym_id,s1_0.machine_id,s1_0.notes,s1_0.session_date,s1_0.session_type,s1_0.start_time,s1_0.status,s1_0.trainee_id,s1_0.updated_at from sessions s1_0 where s1_0.session_date=? and s1_0.status=?
Hibernate: select s1_0.id,s1_0.coach_id,s1_0.created_at,s1_0.end_time,s1_0.gym_id,s1_0.machine_id,s1_0.notes,s1_0.session_date,s1_0.session_type,s1_0.start_time,s1_0.status,s1_0.trainee_id,s1_0.updated_at from sessions s1_0 where s1_0.session_date=? and s1_0.status=?
Hibernate: select s1_0.id,s1_0.coach_id,s1_0.created_at,s1_0.end_time,s1_0.gym_id,s1_0.machine_id,s1_0.notes,s1_0.session_date,s1_0.session_type,s1_0.start_time,s1_0.status,s1_0.trainee_id,s1_0.updated_at from sessions s1_0 where s1_0.session_date=? and s1_0.status=?
Hibernate: select s1_0.id,s1_0.coach_id,s1_0.created_at,s1_0.end_time,s1_0.gym_id,s1_0.machine_id,s1_0.notes,s1_0.session_date,s1_0.session_type,s1_0.start_time,s1_0.status,s1_0.trainee_id,s1_0.updated_at from sessions s1_0 where s1_0.session_date=? and s1_0.status=?
Hibernate: select s1_0.id,s1_0.coach_id,s1_0.created_at,s1_0.end_time,s1_0.gym_id,s1_0.machine_id,s1_0.notes,s1_0.session_date,s1_0.session_type,s1_0.start_time,s1_0.status,s1_0.trainee_id,s1_0.updated_at from sessions s1_0 where s1_0.session_date=? and s1_0.status=?
Hibernate: select s1_0.id,s1_0.coach_id,s1_0.created_at,s1_0.end_time,s1_0.gym_id,s1_0.machine_id,s1_0.notes,s1_0.session_date,s1_0.session_type,s1_0.start_time,s1_0.status,s1_0.trainee_id,s1_0.updated_at from sessions s1_0 where s1_0.session_date=? and s1_0.status=?
Hibernate: select s1_0.id,s1_0.coach_id,s1_0.created_at,s1_0.end_time,s1_0.gym_id,s1_0.machine_id,s1_0.notes,s1_0.session_date,s1_0.session_type,s1_0.start_time,s1_0.status,s1_0.trainee_id,s1_0.updated_at from sessions s1_0 where s1_0.session_date=? and s1_0.status=?
Hibernate: select s1_0.id,s1_0.coach_id,s1_0.created_at,s1_0.end_time,s1_0.gym_id,s1_0.machine_id,s1_0.notes,s1_0.session_date,s1_0.session_type,s1_0.start_time,s1_0.status,s1_0.trainee_id,s1_0.updated_at from sessions s1_0 where s1_0.session_date=? and s1_0.status=?
Hibernate: select s1_0.id,s1_0.coach_id,s1_0.created_at,s1_0.end_time,s1_0.gym_id,s1_0.machine_id,s1_0.notes,s1_0.session_date,s1_0.session_type,s1_0.start_time,s1_0.status,s1_0.trainee_id,s1_0.updated_at from sessions s1_0 where s1_0.session_date=? and s1_0.status=?
Hibernate: select s1_0.id,s1_0.coach_id,s1_0.created_at,s1_0.end_time,s1_0.gym_id,s1_0.machine_id,s1_0.notes,s1_0.session_date,s1_0.session_type,s1_0.start_time,s1_0.status,s1_0.trainee_id,s1_0.updated_at from sessions s1_0 where s1_0.session_date=? and s1_0.status=?
Hibernate: select s1_0.id,s1_0.coach_id,s1_0.created_at,s1_0.end_time,s1_0.gym_id,s1_0.machine_id,s1_0.notes,s1_0.session_date,s1_0.session_type,s1_0.start_time,s1_0.status,s1_0.trainee_id,s1_0.updated_at from sessions s1_0 where s1_0.session_date=? and s1_0.status=?
Hibernate: select s1_0.id,s1_0.coach_id,s1_0.created_at,s1_0.end_time,s1_0.gym_id,s1_0.machine_id,s1_0.notes,s1_0.session_date,s1_0.session_type,s1_0.start_time,s1_0.status,s1_0.trainee_id,s1_0.updated_at from sessions s1_0 where s1_0.session_date=? and s1_0.status=?
Hibernate: select s1_0.id,s1_0.coach_id,s1_0.created_at,s1_0.end_time,s1_0.gym_id,s1_0.machine_id,s1_0.notes,s1_0.session_date,s1_0.session_type,s1_0.start_time,s1_0.status,s1_0.trainee_id,s1_0.updated_at from sessions s1_0 where s1_0.session_date=? and s1_0.status=?
Hibernate: select s1_0.id,s1_0.coach_id,s1_0.created_at,s1_0.end_time,s1_0.gym_id,s1_0.machine_id,s1_0.notes,s1_0.session_date,s1_0.session_type,s1_0.start_time,s1_0.status,s1_0.trainee_id,s1_0.updated_at from sessions s1_0 where s1_0.session_date=? and s1_0.status=?
Hibernate: select s1_0.id,s1_0.coach_id,s1_0.created_at,s1_0.end_time,s1_0.gym_id,s1_0.machine_id,s1_0.notes,s1_0.session_date,s1_0.session_type,s1_0.start_time,s1_0.status,s1_0.trainee_id,s1_0.updated_at from sessions s1_0 where s1_0.session_date=? and s1_0.status=?
Hibernate: select s1_0.id,s1_0.coach_id,s1_0.created_at,s1_0.end_time,s1_0.gym_id,s1_0.machine_id,s1_0.notes,s1_0.session_date,s1_0.session_type,s1_0.start_time,s1_0.status,s1_0.trainee_id,s1_0.updated_at from sessions s1_0 where s1_0.session_date=? and s1_0.status=?
Hibernate: select s1_0.id,s1_0.coach_id,s1_0.created_at,s1_0.end_time,s1_0.gym_id,s1_0.machine_id,s1_0.notes,s1_0.session_date,s1_0.session_type,s1_0.start_time,s1_0.status,s1_0.trainee_id,s1_0.updated_at from sessions s1_0 where s1_0.session_date=? and s1_0.status=?
Hibernate: select s1_0.id,s1_0.coach_id,s1_0.created_at,s1_0.end_time,s1_0.gym_id,s1_0.machine_id,s1_0.notes,s1_0.session_date,s1_0.session_type,s1_0.start_time,s1_0.status,s1_0.trainee_id,s1_0.updated_at from sessions s1_0 where s1_0.session_date=? and s1_0.status=?
Hibernate: select s1_0.id,s1_0.coach_id,s1_0.created_at,s1_0.end_time,s1_0.gym_id,s1_0.machine_id,s1_0.notes,s1_0.session_date,s1_0.session_type,s1_0.start_time,s1_0.status,s1_0.trainee_id,s1_0.updated_at from sessions s1_0 where s1_0.session_date=? and s1_0.status=?
Hibernate: select s1_0.id,s1_0.coach_id,s1_0.created_at,s1_0.end_time,s1_0.gym_id,s1_0.machine_id,s1_0.notes,s1_0.session_date,s1_0.session_type,s1_0.start_time,s1_0.status,s1_0.trainee_id,s1_0.updated_at from sessions s1_0 where s1_0.session_date=? and s1_0.status=?
Hibernate: select s1_0.id,s1_0.coach_id,s1_0.created_at,s1_0.end_time,s1_0.gym_id,s1_0.machine_id,s1_0.notes,s1_0.session_date,s1_0.session_type,s1_0.start_time,s1_0.status,s1_0.trainee_id,s1_0.updated_at from sessions s1_0 where s1_0.session_date=? and s1_0.status=?
2026-03-16T15:10:21.523+05:30  INFO 49240 --- [ionShutdownHook] o.s.boot.tomcat.GracefulShutdown         : Commencing graceful shutdown. Waiting for active requests to complete
2026-03-16T15:10:21.528+05:30  INFO 49240 --- [tomcat-shutdown] o.s.boot.tomcat.GracefulShutdown         : Graceful shutdown complete
2026-03-16T15:10:21.533+05:30  INFO 49240 --- [ionShutdownHook] j.LocalContainerEntityManagerFactoryBean : Closing JPA EntityManagerFactory for persistence unit 'default'
2026-03-16T15:10:21.536+05:30  INFO 49240 --- [ionShutdownHook] com.zaxxer.hikari.HikariDataSource       : HikariPool-1 - Shutdown initiated...
2026-03-16T15:10:21.537+05:30  INFO 49240 --- [ionShutdownHook] com.zaxxer.hikari.HikariDataSource       : HikariPool-1 - Shutdown completed.
[INFO] ------------------------------------------------------------------------
[INFO] BUILD FAILURE
[INFO] ------------------------------------------------------------------------
[INFO] Total time:  32:48 min
[INFO] Finished at: 2026-03-16T15:10:21+05:30
[INFO] ------------------------------------------------------------------------
[ERROR] Failed to execute goal org.springframework.boot:spring-boot-maven-plugin:4.0.3:run (default-cli) on project gymsystem: Process terminated with exit code: 143 -> [Help 1]
[ERROR] 
[ERROR] To see the full stack trace of the errors, re-run Maven with the -e switch.
[ERROR] Re-run Maven using the -X switch to enable full debug logging.
[ERROR] 
[ERROR] For more information about the errors and possible solutions, please read the following articles:
[ERROR] [Help 1] http://cwiki.apache.org/confluence/display/MAVEN/MojoExecutionException
